Generated at Wed Sep 05 22:11:10 +0200 2012
NoMethodError: remote_file[http://nginx.org/download/nginx-1.2.3.tar.gz] (nginx::source line 56) had an error: NoMethodError: undefined method `close!' for nil:NilClass
/opt/vagrant_ruby/lib/ruby/gems/1.8/gems/chef-10.12.0/bin/../lib/chef/rest.rb:305:in `streaming_request'
/opt/vagrant_ruby/lib/ruby/gems/1.8/gems/chef-10.12.0/bin/../lib/chef/rest/rest_request.rb:101:in `call'
/opt/vagrant_ruby/lib/ruby/1.8/net/http.rb:1054:in `request'
/opt/vagrant_ruby/lib/ruby/1.8/net/http.rb:2144:in `reading_body'
/opt/vagrant_ruby/lib/ruby/1.8/net/http.rb:1053:in `request'
/opt/vagrant_ruby/lib/ruby/1.8/net/http.rb:1037:in `request'
/opt/vagrant_ruby/lib/ruby/1.8/net/http.rb:543:in `start'
/opt/vagrant_ruby/lib/ruby/1.8/net/http.rb:1035:in `request'
/opt/vagrant_ruby/lib/ruby/gems/1.8/gems/chef-10.12.0/bin/../lib/chef/rest/rest_request.rb:99:in `call'
/opt/vagrant_ruby/lib/ruby/gems/1.8/gems/chef-10.12.0/bin/../lib/chef/rest/rest_request.rb:114:in `hide_net_http_bug'
/opt/vagrant_ruby/lib/ruby/gems/1.8/gems/chef-10.12.0/bin/../lib/chef/rest/rest_request.rb:98:in `call'
/opt/vagrant_ruby/lib/ruby/gems/1.8/gems/chef-10.12.0/bin/../lib/chef/rest.rb:299:in `streaming_request'
/opt/vagrant_ruby/lib/ruby/gems/1.8/gems/chef-10.12.0/bin/../lib/chef/rest.rb:334:in `retriable_rest_request'
/opt/vagrant_ruby/lib/ruby/gems/1.8/gems/chef-10.12.0/bin/../lib/chef/rest.rb:297:in `streaming_request'
/opt/vagrant_ruby/lib/ruby/gems/1.8/gems/chef-10.12.0/bin/../lib/chef/rest.rb:155:in `fetch'
/opt/vagrant_ruby/lib/ruby/gems/1.8/gems/chef-10.12.0/bin/../lib/chef/provider/remote_file.rb:42:in `action_create'
/opt/vagrant_ruby/lib/ruby/gems/1.8/gems/chef-10.12.0/bin/../lib/chef/resource.rb:454:in `send'
/opt/vagrant_ruby/lib/ruby/gems/1.8/gems/chef-10.12.0/bin/../lib/chef/resource.rb:454:in `run_action'
/opt/vagrant_ruby/lib/ruby/gems/1.8/gems/chef-10.12.0/bin/../lib/chef/runner.rb:49:in `run_action'
/opt/vagrant_ruby/lib/ruby/gems/1.8/gems/chef-10.12.0/bin/../lib/chef/runner.rb:85:in `converge'
/opt/vagrant_ruby/lib/ruby/gems/1.8/gems/chef-10.12.0/bin/../lib/chef/runner.rb:85:in `each'
/opt/vagrant_ruby/lib/ruby/gems/1.8/gems/chef-10.12.0/bin/../lib/chef/runner.rb:85:in `converge'
/opt/vagrant_ruby/lib/ruby/gems/1.8/gems/chef-10.12.0/bin/../lib/chef/resource_collection.rb:94:in `execute_each_resource'
/opt/vagrant_ruby/lib/ruby/gems/1.8/gems/chef-10.12.0/bin/../lib/chef/resource_collection/stepable_iterator.rb:116:in `call'
/opt/vagrant_ruby/lib/ruby/gems/1.8/gems/chef-10.12.0/bin/../lib/chef/resource_collection/stepable_iterator.rb:116:in `call_iterator_block'
/opt/vagrant_ruby/lib/ruby/gems/1.8/gems/chef-10.12.0/bin/../lib/chef/resource_collection/stepable_iterator.rb:85:in `step'
/opt/vagrant_ruby/lib/ruby/gems/1.8/gems/chef-10.12.0/bin/../lib/chef/resource_collection/stepable_iterator.rb:104:in `iterate'
/opt/vagrant_ruby/lib/ruby/gems/1.8/gems/chef-10.12.0/bin/../lib/chef/resource_collection/stepable_iterator.rb:55:in `each_with_index'
/opt/vagrant_ruby/lib/ruby/gems/1.8/gems/chef-10.12.0/bin/../lib/chef/resource_collection.rb:92:in `execute_each_resource'
/opt/vagrant_ruby/lib/ruby/gems/1.8/gems/chef-10.12.0/bin/../lib/chef/runner.rb:80:in `converge'
/opt/vagrant_ruby/lib/ruby/gems/1.8/gems/chef-10.12.0/bin/../lib/chef/client.rb:330:in `converge'
/opt/vagrant_ruby/lib/ruby/gems/1.8/gems/chef-10.12.0/bin/../lib/chef/client.rb:163:in `run'
/opt/vagrant_ruby/lib/ruby/gems/1.8/gems/chef-10.12.0/bin/../lib/chef/application/solo.rb:207:in `run_application'
/opt/vagrant_ruby/lib/ruby/gems/1.8/gems/chef-10.12.0/bin/../lib/chef/application/solo.rb:195:in `loop'
/opt/vagrant_ruby/lib/ruby/gems/1.8/gems/chef-10.12.0/bin/../lib/chef/application/solo.rb:195:in `run_application'
/opt/vagrant_ruby/lib/ruby/gems/1.8/gems/chef-10.12.0/bin/../lib/chef/application.rb:70:in `run'
/opt/vagrant_ruby/lib/ruby/gems/1.8/gems/chef-10.12.0/bin/chef-solo:25
/opt/vagrant_ruby/bin/chef-solo:19:in `load'
/opt/vagrant_ruby/bin/chef-solo:19